<?xml version="1.0" encoding="UTF-8"?>
<!-- Generated by org.testng.reporters.JUnitXMLReporter -->
<testsuite ignored="0" hostname="DESKTOP-02956BS" failures="0" tests="3" name="Default test" time="0.304" errors="0" timestamp="2022-10-05T03:34:55 IST">
  <testcase classname="Vtiger.Practice.TestNgPractice" name="createCustomerTest" time="0.014"/>
  <testcase classname="Vtiger.Practice.TestNgPractice" name="modifyCustomerTest" time="0.004"/>
  <testcase classname="Vtiger.Practice.TestNgPractice" name="deleteCustomerTest" time="0.002"/>
</testsuite> <!-- Default test -->
