<?xml version="1.0" encoding="UTF-8"?>
<!-- Generated by org.testng.reporters.JUnitXMLReporter -->
<testsuite ignored="0" hostname="DESKTOP-02956BS" failures="0" tests="2" name="Default test" time="59.88" errors="0" timestamp="2022-09-23T12:29:26 IST">
  <testcase classname="Vtiger.ContactTest.CreateContactPomTest" name="CreateContactTest" time="24.684"/>
  <testcase classname="Vtiger.ContactTest.CreateContactPomTest" name="DemoRegressionTest" time="0.002"/>
</testsuite> <!-- Default test -->
