<?xml version="1.0" encoding="UTF-8"?>
<testng-results ignored="0" total="1" passed="1" failed="0" skipped="0">
  <reporter-output>
    <line>
      <![CDATA[HI , I am Organizations Practice Module]]>
    </line>
  </reporter-output>
  <suite started-at="2022-11-22T11:20:40 IST" name="Default suite" finished-at="2022-11-22T11:20:40 IST" duration-ms="118">
    <groups>
    </groups>
    <test started-at="2022-11-22T11:20:40 IST" name="Default test" finished-at="2022-11-22T11:20:40 IST" duration-ms="118">
      <class name="OrganizationBranch.OrganizationPracticeTest">
        <test-method signature="OrganizationTest()[pri:0, instance:OrganizationBranch.OrganizationPracticeTest@1d9b7cce]" started-at="2022-11-22T11:20:40 IST" name="OrganizationTest" finished-at="2022-11-22T11:20:40 IST" duration-ms="20" status="PASS">
          <reporter-output>
            <line>
              <![CDATA[HI , I am Organizations Practice Module]]>
            </line>
          </reporter-output>
        </test-method> <!-- OrganizationTest -->
      </class> <!-- OrganizationBranch.OrganizationPracticeTest -->
    </test> <!-- Default test -->
  </suite> <!-- Default suite -->
</testng-results>
